<?xml version="1.0" encoding="UTF-8"?>
<!-- Generated by org.testng.reporters.JUnitReportReporter -->
<testsuite hostname="Chaitanya" failures="0" tests="1" name="com.ShoppersStack_Test_Scripts.TC_002_Verify_user_is_able_to_delete_addadress_or_not" time="21.844" errors="0" timestamp="2024-11-16T09:23:50 IST" skipped="0">
  <testcase classname="com.ShoppersStack_Test_Scripts.TC_002_Verify_user_is_able_to_delete_addadress_or_not" name="deleteadress" time="21.844"/>
</testsuite> <!-- com.ShoppersStack_Test_Scripts.TC_002_Verify_user_is_able_to_delete_addadress_or_not -->
