<?xml version="1.0" encoding="UTF-8"?>
<!-- Generated by org.testng.reporters.JUnitReportReporter -->
<testsuite hostname="Chaitanya" failures="0" tests="1" name="com.ShoppersStack_Test_Scripts.TC_001_Verify_user_is_able_to_add_adress_or_not" time="27.688" errors="0" timestamp="2024-11-16T09:30:50 IST" skipped="0">
  <testcase classname="com.ShoppersStack_Test_Scripts.TC_001_Verify_user_is_able_to_add_adress_or_not" name="addAdress" time="27.688"/>
</testsuite> <!-- com.ShoppersStack_Test_Scripts.TC_001_Verify_user_is_able_to_add_adress_or_not -->
