<?xml version="1.0" encoding="UTF-8"?>
<!-- Generated by org.testng.reporters.JUnitReportReporter -->
<testsuite hostname="Chaitanya" failures="0" tests="1" name="com.ShoppersStack_Test_Scripts.TC_003_Verify_user_is_able_to_order_product_or_not" time="31.504" errors="0" timestamp="2024-11-18T09:18:25 IST" skipped="0">
  <testcase classname="com.ShoppersStack_Test_Scripts.TC_003_Verify_user_is_able_to_order_product_or_not" name="orderproduct" time="31.504"/>
</testsuite> <!-- com.ShoppersStack_Test_Scripts.TC_003_Verify_user_is_able_to_order_product_or_not -->
