<?xml version="1.0" encoding="UTF-8"?>
<!-- Generated by org.testng.reporters.JUnitReportReporter -->
<testsuite hostname="Chaitanya" failures="0" tests="1" name="com.ShoppersStack_Test_Scripts.TC_003_Verify_user_is_able_to_order_product_or_not_Test" time="30.385" errors="0" timestamp="2024-11-19T09:20:45 IST" skipped="0">
  <testcase classname="com.ShoppersStack_Test_Scripts.TC_003_Verify_user_is_able_to_order_product_or_not_Test" name="orderproduct" time="30.385"/>
</testsuite> <!-- com.ShoppersStack_Test_Scripts.TC_003_Verify_user_is_able_to_order_product_or_not_Test -->
