<?xml version="1.0" encoding="UTF-8"?>
<!-- Generated by org.testng.reporters.JUnitReportReporter -->
<testsuite hostname="Chaitanya" failures="0" tests="1" name="com.ShoppersStack_Test_Scripts.TC_002_Verify_user_is_able_to_delete_addadress_or_not_Test" time="22.142" errors="0" timestamp="2024-11-19T09:19:42 IST" skipped="0">
  <testcase classname="com.ShoppersStack_Test_Scripts.TC_002_Verify_user_is_able_to_delete_addadress_or_not_Test" name="deleteadress" time="22.142"/>
</testsuite> <!-- com.ShoppersStack_Test_Scripts.TC_002_Verify_user_is_able_to_delete_addadress_or_not_Test -->
